2019/01/07-14:27 [main] INFO  com.sto.springboot.SpringbootApplicationTests- Starting SpringbootApplicationTests on DESKTOP-CJPLE4H with PID 7272 (started by QinYong in C:\Users\QinYong\IdeaProjects\springboot)
2019/01/07-14:27 [main] INFO  com.sto.springboot.SpringbootApplicationTests- The following profiles are active: dev
2019/01/07-14:27 [main] INFO  org.springframework.data.repository.config.RepositoryConfigurationDelegate- Bootstrapping Spring Data repositories in DEFAULT mode.
2019/01/07-14:27 [main] INFO  org.springframework.data.repository.config.RepositoryConfigurationDelegate- Finished Spring Data repository scanning in 14ms. Found 0 repository interfaces.
2019/01/07-14:27 [main] INFO  org.springframework.context.support.PostProcessorRegistrationDelegate$BeanPostProcessorChecker- Bean 'org.springframework.transaction.annotation.ProxyTransactionManagementConfiguration' of type [org.springframework.transaction.annotation.ProxyTransactionManagementConfiguration$$EnhancerBySpringCGLIB$$2332906] is not eligible for getting processed by all BeanPostProcessors (for example: not eligible for auto-proxying)
2019/01/07-14:27 [main] INFO  com.alibaba.druid.pool.DruidDataSource- {dataSource-1} inited
2019/01/07-14:27 [main] INFO  org.hibernate.jpa.internal.util.LogHelper- HHH000204: Processing PersistenceUnitInfo [
	name: default
	...]
2019/01/07-14:27 [main] INFO  org.hibernate.Version- HHH000412: Hibernate Core {5.3.7.Final}
2019/01/07-14:27 [main] INFO  org.hibernate.cfg.Environment- HHH000206: hibernate.properties not found
2019/01/07-14:27 [main] INFO  org.hibernate.annotations.common.Version- HCANN000001: Hibernate Commons Annotations {5.0.4.Final}
2019/01/07-14:27 [main] INFO  org.hibernate.dialect.Dialect- HHH000400: Using dialect: org.hibernate.dialect.MySQL5Dialect
2019/01/07-14:27 [main] INFO  org.springframework.orm.jpa.LocalContainerEntityManagerFactoryBean- Initialized JPA EntityManagerFactory for persistence unit 'default'
2019/01/07-14:27 [main] INFO  org.springframework.scheduling.concurrent.ThreadPoolTaskExecutor- Initializing ExecutorService 'applicationTaskExecutor'
2019/01/07-14:27 [main] WARN  org.springframework.boot.autoconfigure.orm.jpa.JpaBaseConfiguration$JpaWebConfiguration$JpaWebMvcConfiguration- spring.jpa.open-in-view is enabled by default. Therefore, database queries may be performed during view rendering. Explicitly configure spring.jpa.open-in-view to disable this warning
2019/01/07-14:27 [main] INFO  com.sto.springboot.SpringbootApplicationTests- Started SpringbootApplicationTests in 4.107 seconds (JVM running for 5.12)
2019/01/07-14:27 [Thread-2] INFO  org.springframework.scheduling.concurrent.ThreadPoolTaskExecutor- Shutting down ExecutorService 'applicationTaskExecutor'
2019/01/07-14:27 [Thread-2] INFO  org.springframework.orm.jpa.LocalContainerEntityManagerFactoryBean- Closing JPA EntityManagerFactory for persistence unit 'default'
2019/01/07-14:27 [Thread-2] INFO  com.alibaba.druid.pool.DruidDataSource- {dataSource-1} closed
